<?xml version="1.0" encoding="UTF-8"?>
<!-- Generated by org.testng.reporters.JUnitReportReporter -->
<testsuite skipped="0" hostname="ZEESHAN" name="com.qa.tests.TestBase" tests="2" failures="0" timestamp="07 Aug 2019 21:11:40 GMT" time="0.085" errors="0">
  <testcase name="testMultiply" time="0.015" classname="com.qa.tests.TestBase"/>
  <testcase name="firstTestcase" time="0.070" classname="com.qa.tests.TestBase"/>
</testsuite> <!-- com.qa.tests.TestBase -->
