<?xml version="1.0" encoding="UTF-8"?>
<!-- Generated by org.testng.reporters.JUnitReportReporter -->
<testsuite skipped="0" hostname="ZEESHAN" name="com.qa.tests.TestBase" tests="1" failures="0" timestamp="06 Aug 2019 22:35:58 GMT" time="0.031" errors="0">
  <testcase name="firstTestcase" time="0.031" classname="com.qa.tests.TestBase"/>
</testsuite> <!-- com.qa.tests.TestBase -->
